> Task :app:preBuild UP-TO-DATE
> Task :app:preDebugBuild UP-TO-DATE
> Task :app:mergeDebugNativeDebugMetadata NO-SOURCE
> Task :app:checkKotlinGradlePluginConfigurationErrors SKIPPED
> Task :app:generateDebugBuildConfig UP-TO-DATE
> Task :app:checkDebugAarMetadata UP-TO-DATE
> Task :app:processDebugNavigationResources UP-TO-DATE
> Task :app:compileDebugNavigationResources UP-TO-DATE
> Task :app:generateDebugResValues UP-TO-DATE
> Task :app:mapDebugSourceSetPaths UP-TO-DATE
> Task :app:generateDebugResources UP-TO-DATE
> Task :app:mergeDebugResources UP-TO-DATE
> Task :app:packageDebugResources UP-TO-DATE
> Task :app:parseDebugLocalResources UP-TO-DATE
> Task :app:createDebugCompatibleScreenManifests UP-TO-DATE
> Task :app:extractDeepLinksDebug UP-TO-DATE
> Task :app:processDebugMainManifest UP-TO-DATE
> Task :app:processDebugManifest UP-TO-DATE
> Task :app:processDebugManifestForPackage UP-TO-DATE
> Task :app:processDebugResources UP-TO-DATE
> Task :app:kspDebugKotlin UP-TO-DATE
> Task :app:javaPreCompileDebug UP-TO-DATE
> Task :app:mergeDebugShaders UP-TO-DATE
> Task :app:compileDebugShaders NO-SOURCE
> Task :app:generateDebugAssets UP-TO-DATE
> Task :app:mergeDebugAssets UP-TO-DATE
> Task :app:compressDebugAssets UP-TO-DATE
> Task :app:desugarDebugFileDependencies UP-TO-DATE
> Task :app:checkDebugDuplicateClasses UP-TO-DATE
> Task :app:mergeExtDexDebug UP-TO-DATE
> Task :app:mergeLibDexDebug UP-TO-DATE
> Task :app:mergeDebugJniLibFolders UP-TO-DATE
> Task :app:mergeDebugNativeLibs UP-TO-DATE
> Task :app:stripDebugDebugSymbols UP-TO-DATE
> Task :app:validateSigningDebug UP-TO-DATE
> Task :app:writeDebugAppMetadata UP-TO-DATE
> Task :app:writeDebugSigningConfigVersions UP-TO-DATE

> Task :app:compileDebugKotlin FAILED
.\gradlew.bat : e: file:///C:/Users/josel/AndroidStudioProjects/app_ajicolor_backend_node/app%20poleras/App_Ajicolor/app/src/main/java/com/example/appajicolorgrupo4/data/local/database/AppDatabase.kt:57:41 No parameter with 
name 'clave' found.
En línea: 1 Carácter: 111
+ ... p_Ajicolor"; .\gradlew.bat assembleDebug --console=plain 2>&1 | Out-F ...
+                  ~~~~~~~~~~~~~~~~~~~~~~~~~~~~~~~~~~~~~~~~~~~~~~~~
    + CategoryInfo          : NotSpecified: (e: file:///C:/U... 'clave' found.:String) [], RemoteException
    + FullyQualifiedErrorId : NativeCommandError
 
e: file:///C:/Users/josel/AndroidStudioProjects/app_ajicolor_backend_node/app%20poleras/App_Ajicolor/app/src/main/java/com/example/appajicolorgrupo4/data/local/database/AppDatabase.kt:63:41 No parameter with name 'clave' 
found.
e: file:///C:/Users/josel/AndroidStudioProjects/app_ajicolor_backend_node/app%20poleras/App_Ajicolor/app/src/main/java/com/example/appajicolorgrupo4/data/remote/ApiService.kt:70:5 This annotation is not repeatable.
e: file:///C:/Users/josel/AndroidStudioProjects/app_ajicolor_backend_node/app%20poleras/App_Ajicolor/app/src/main/java/com/example/appajicolorgrupo4/data/repository/ProductRepository.kt:11:14 Unresolved reference 'inject'.
e: file:///C:/Users/josel/AndroidStudioProjects/app_ajicolor_backend_node/app%20poleras/App_Ajicolor/app/src/main/java/com/example/appajicolorgrupo4/data/repository/ProductRepository.kt:13:26 Unresolved reference 'Inject'.
e: file:///C:/Users/josel/AndroidStudioProjects/app_ajicolor_backend_node/app%20poleras/App_Ajicolor/app/src/main/java/com/example/appajicolorgrupo4/data/session/SessionManager.kt:56:88 No parameter with name 'clave' found.
e: file:///C:/Users/josel/AndroidStudioProjects/app_ajicolor_backend_node/app%20poleras/App_Ajicolor/app/src/main/java/com/example/appajicolorgrupo4/viewmodel/UsuarioViewModel.kt:96:23 Unresolved reference 'onSuccess'.
e: file:///C:/Users/josel/AndroidStudioProjects/app_ajicolor_backend_node/app%20poleras/App_Ajicolor/app/src/main/java/com/example/appajicolorgrupo4/viewmodel/UsuarioViewModel.kt:96:35 Cannot infer type for this parameter. 
Please specify it explicitly.
e: file:///C:/Users/josel/AndroidStudioProjects/app_ajicolor_backend_node/app%20poleras/App_Ajicolor/app/src/main/java/com/example/appajicolorgrupo4/viewmodel/UsuarioViewModel.kt:100:15 Cannot infer type for this parameter. 
Please specify it explicitly.

FAILURE: Build failed with an exception.

* What went wrong:
Execution failed for task ':app:compileDebugKotlin'.
> A failure occurred while executing org.jetbrains.kotlin.compilerRunner.GradleCompilerRunnerWithWorkers$GradleKotlinCompilerWorkAction
   > Compilation error. See log for more details

* Try:
> Run with --stacktrace option to get the stack trace.
> Run with --info or --debug option to get more log output.
> Run with --scan to get full insights.
> Get more help at https://help.gradle.org.

BUILD FAILED in 5s
32 actionable tasks: 1 executed, 31 up-to-date
